ERROR 2025-10-04 15:08:09,366 log 11528 23696 Internal Server Error: /accounts/admin_dashboard/
Traceback (most recent call last):
  File "D:\Python312\Lib\site-packages\django\core\handlers\exception.py", line 55, in inner
    response = get_response(request)
  File "D:\Python312\Lib\site-packages\django\core\handlers\base.py", line 197, in _get_response
    response = wrapped_callback(request, *callback_args, **callback_kwargs)
  File "D:\Source.TavanGS\WebSite\accounts\views.py", line 180, in dashboard_view
    return render(request, "accounts/dashboardLink.html", {"cards": cards})
  File "D:\Python312\Lib\site-packages\django\shortcuts.py", line 25, in render
    content = loader.render_to_string(template_name, context, request, using=using)
  File "D:\Python312\Lib\site-packages\django\template\loader.py", line 62, in render_to_string
    return template.render(context, request)
           ~~~~~~~~~~~~~~~^^^^^^^^^^^^^^^^^^
  File "D:\Python312\Lib\site-packages\django\template\backends\django.py", line 107, in render
    return self.template.render(context)
           ~~~~~~~~~~~~~~~~~~~~^^^^^^^^^
  File "D:\Python312\Lib\site-packages\django\template\base.py", line 171, in render
    return self._render(context)
           ~~~~~~~~~~~~^^^^^^^^^
  File "D:\Python312\Lib\site-packages\django\template\base.py", line 163, in _render
    return self.nodelist.render(context)
           ~~~~~~~~~~~~~~~~~~~~^^^^^^^^^
  File "D:\Python312\Lib\site-packages\django\template\base.py", line 1008, in render
    return SafeString("".join([node.render_annotated(context) for node in self]))
                               ~~~~~~~~~~~~~~~~~~~~~^^^^^^^^^
  File "D:\Python312\Lib\site-packages\django\template\base.py", line 969, in render_annotated
    return self.render(context)
           ~~~~~~~~~~~^^^^^^^^^
  File "D:\Python312\Lib\site-packages\django\template\loader_tags.py", line 159, in render
    return compiled_parent._render(context)
           ~~~~~~~~~~~~~~~~~~~~~~~^^^^^^^^^
  File "D:\Python312\Lib\site-packages\django\template\base.py", line 163, in _render
    return self.nodelist.render(context)
           ~~~~~~~~~~~~~~~~~~~~^^^^^^^^^
  File "D:\Python312\Lib\site-packages\django\template\base.py", line 1008, in render
    return SafeString("".join([node.render_annotated(context) for node in self]))
                               ~~~~~~~~~~~~~~~~~~~~~^^^^^^^^^
  File "D:\Python312\Lib\site-packages\django\template\base.py", line 969, in render_annotated
    return self.render(context)
           ~~~~~~~~~~~^^^^^^^^^
  File "D:\Python312\Lib\site-packages\django\template\loader_tags.py", line 65, in render
    result = block.nodelist.render(context)
  File "D:\Python312\Lib\site-packages\django\template\base.py", line 1008, in render
    return SafeString("".join([node.render_annotated(context) for node in self]))
                               ~~~~~~~~~~~~~~~~~~~~~^^^^^^^^^
  File "D:\Python312\Lib\site-packages\django\template\base.py", line 969, in render_annotated
    return self.render(context)
           ~~~~~~~~~~~^^^^^^^^^
  File "D:\Python312\Lib\site-packages\django\template\defaulttags.py", line 243, in render
    nodelist.append(node.render_annotated(context))
                    ~~~~~~~~~~~~~~~~~~~~~^^^^^^^^^
  File "D:\Python312\Lib\site-packages\django\template\base.py", line 969, in render_annotated
    return self.render(context)
           ~~~~~~~~~~~^^^^^^^^^
  File "D:\Python312\Lib\site-packages\django\template\defaulttags.py", line 243, in render
    nodelist.append(node.render_annotated(context))
                    ~~~~~~~~~~~~~~~~~~~~~^^^^^^^^^
  File "D:\Python312\Lib\site-packages\django\template\base.py", line 969, in render_annotated
    return self.render(context)
           ~~~~~~~~~~~^^^^^^^^^
  File "D:\Python312\Lib\site-packages\django\template\defaulttags.py", line 480, in render
    url = reverse(view_name, args=args, kwargs=kwargs, current_app=current_app)
  File "D:\Python312\Lib\site-packages\django\urls\base.py", line 88, in reverse
    return resolver._reverse_with_prefix(view, prefix, *args, **kwargs)
           ~~~~~~~~~~~~~~~~~~~~~~~~~~~~~^^^^^^^^^^^^^^^^^^^^^^^^^^^^^^^
  File "D:\Python312\Lib\site-packages\django\urls\resolvers.py", line 831, in _reverse_with_prefix
    raise NoReverseMatch(msg)
django.urls.exceptions.NoReverseMatch: Reverse for 'user_permission_report' not found. 'user_permission_report' is not a valid view function or pattern name.
ERROR 2025-10-04 15:08:09,375 basehttp 11528 23696 "GET /accounts/admin_dashboard/ HTTP/1.1" 500 329809
INFO 2025-10-04 15:14:43,041 autoreload 24052 19616 Watching for file changes with StatReloader
WARNING 2025-10-04 15:20:21,373 PermissionBase 3764 16924 [PERM_CHECK] Unauthorized access attempt by anonymous user to /accounts/roles/
INFO 2025-10-04 15:20:21,399 basehttp 3764 16924 "GET /accounts/roles/ HTTP/1.1" 302 0
INFO 2025-10-04 15:20:21,443 basehttp 3764 16924 "GET /accounts/login/ HTTP/1.1" 200 38685
INFO 2025-10-04 15:20:24,923 basehttp 3764 16924 "GET / HTTP/1.1" 200 38205
INFO 2025-10-04 15:20:30,804 basehttp 3764 16924 - Broken pipe from ('127.0.0.1', 49901)
ERROR 2025-10-04 15:23:41,931 log 3764 17296 Internal Server Error: /accounts/admin_dashboard/
Traceback (most recent call last):
  File "D:\Python312\Lib\site-packages\django\core\handlers\exception.py", line 55, in inner
    response = get_response(request)
  File "D:\Python312\Lib\site-packages\django\core\handlers\base.py", line 197, in _get_response
    response = wrapped_callback(request, *callback_args, **callback_kwargs)
  File "D:\Source.TavanGS\WebSite\accounts\views.py", line 180, in dashboard_view
    return render(request, "accounts/dashboardLink.html", {"cards": cards})
  File "D:\Python312\Lib\site-packages\django\shortcuts.py", line 25, in render
    content = loader.render_to_string(template_name, context, request, using=using)
  File "D:\Python312\Lib\site-packages\django\template\loader.py", line 62, in render_to_string
    return template.render(context, request)
           ~~~~~~~~~~~~~~~^^^^^^^^^^^^^^^^^^
  File "D:\Python312\Lib\site-packages\django\template\backends\django.py", line 107, in render
    return self.template.render(context)
           ~~~~~~~~~~~~~~~~~~~~^^^^^^^^^
  File "D:\Python312\Lib\site-packages\django\template\base.py", line 171, in render
    return self._render(context)
           ~~~~~~~~~~~~^^^^^^^^^
  File "D:\Python312\Lib\site-packages\django\template\base.py", line 163, in _render
    return self.nodelist.render(context)
           ~~~~~~~~~~~~~~~~~~~~^^^^^^^^^
  File "D:\Python312\Lib\site-packages\django\template\base.py", line 1008, in render
    return SafeString("".join([node.render_annotated(context) for node in self]))
                               ~~~~~~~~~~~~~~~~~~~~~^^^^^^^^^
  File "D:\Python312\Lib\site-packages\django\template\base.py", line 969, in render_annotated
    return self.render(context)
           ~~~~~~~~~~~^^^^^^^^^
  File "D:\Python312\Lib\site-packages\django\template\loader_tags.py", line 159, in render
    return compiled_parent._render(context)
           ~~~~~~~~~~~~~~~~~~~~~~~^^^^^^^^^
  File "D:\Python312\Lib\site-packages\django\template\base.py", line 163, in _render
    return self.nodelist.render(context)
           ~~~~~~~~~~~~~~~~~~~~^^^^^^^^^
  File "D:\Python312\Lib\site-packages\django\template\base.py", line 1008, in render
    return SafeString("".join([node.render_annotated(context) for node in self]))
                               ~~~~~~~~~~~~~~~~~~~~~^^^^^^^^^
  File "D:\Python312\Lib\site-packages\django\template\base.py", line 969, in render_annotated
    return self.render(context)
           ~~~~~~~~~~~^^^^^^^^^
  File "D:\Python312\Lib\site-packages\django\template\loader_tags.py", line 65, in render
    result = block.nodelist.render(context)
  File "D:\Python312\Lib\site-packages\django\template\base.py", line 1008, in render
    return SafeString("".join([node.render_annotated(context) for node in self]))
                               ~~~~~~~~~~~~~~~~~~~~~^^^^^^^^^
  File "D:\Python312\Lib\site-packages\django\template\base.py", line 969, in render_annotated
    return self.render(context)
           ~~~~~~~~~~~^^^^^^^^^
  File "D:\Python312\Lib\site-packages\django\template\defaulttags.py", line 243, in render
    nodelist.append(node.render_annotated(context))
                    ~~~~~~~~~~~~~~~~~~~~~^^^^^^^^^
  File "D:\Python312\Lib\site-packages\django\template\base.py", line 969, in render_annotated
    return self.render(context)
           ~~~~~~~~~~~^^^^^^^^^
  File "D:\Python312\Lib\site-packages\django\template\defaulttags.py", line 243, in render
    nodelist.append(node.render_annotated(context))
                    ~~~~~~~~~~~~~~~~~~~~~^^^^^^^^^
  File "D:\Python312\Lib\site-packages\django\template\base.py", line 969, in render_annotated
    return self.render(context)
           ~~~~~~~~~~~^^^^^^^^^
  File "D:\Python312\Lib\site-packages\django\template\defaulttags.py", line 480, in render
    url = reverse(view_name, args=args, kwargs=kwargs, current_app=current_app)
  File "D:\Python312\Lib\site-packages\django\urls\base.py", line 88, in reverse
    return resolver._reverse_with_prefix(view, prefix, *args, **kwargs)
           ~~~~~~~~~~~~~~~~~~~~~~~~~~~~~^^^^^^^^^^^^^^^^^^^^^^^^^^^^^^^
  File "D:\Python312\Lib\site-packages\django\urls\resolvers.py", line 831, in _reverse_with_prefix
    raise NoReverseMatch(msg)
django.urls.exceptions.NoReverseMatch: Reverse for 'system_settings_dashboard' not found. 'system_settings_dashboard' is not a valid view function or pattern name.
ERROR 2025-10-04 15:23:41,937 basehttp 3764 17296 "GET /accounts/admin_dashboard/ HTTP/1.1" 500 334143
INFO 2025-10-04 15:23:45,339 basehttp 3764 17296 "GET /compute/templates/5/edit/ HTTP/1.1" 302 0
INFO 2025-10-04 15:23:45,382 basehttp 3764 17296 "GET /accounts/login/?next=/compute/templates/5/edit/ HTTP/1.1" 200 38424
WARNING 2025-10-04 15:23:45,489 basehttp 3764 24120 "GET /static/admin/css/ HTTP/1.1" 404 1982
INFO 2025-10-04 15:23:45,503 basehttp 3764 17296 "GET /settings/css/dynamic.css HTTP/1.1" 200 5524
WARNING 2025-10-04 15:23:45,585 basehttp 3764 17296 "GET /static/admin/img/RCMS2.svg HTTP/1.1" 404 1984
INFO 2025-10-04 15:23:48,036 signals 3764 2816 Single-session enforced for user=admin, session=8xecl4m9optabgd9bs5b8utwc70gkfkf
INFO 2025-10-04 15:23:48,047 basehttp 3764 2816 "POST /accounts/login/?next=/compute/templates/5/edit/ HTTP/1.1" 302 0
INFO 2025-10-04 15:23:48,124 basehttp 3764 2816 "GET /compute/templates/5/edit/ HTTP/1.1" 200 62669
INFO 2025-10-04 15:23:48,252 basehttp 3764 2816 "GET /settings/css/dynamic.css HTTP/1.1" 200 5524
WARNING 2025-10-04 15:23:48,260 basehttp 3764 18064 "GET /static/admin/css/ HTTP/1.1" 404 1982
INFO 2025-10-04 15:24:51,024 PermissionBase 3764 2816 [PERM_CHECK] User admin is superuser → full access granted.
INFO 2025-10-04 15:24:51,025 PermissionBase 3764 2816 [PERM_CHECK] User admin passed base permission check for /accounts/roles/
INFO 2025-10-04 15:24:51,025 PermissionBase 3764 2816 [PERM_CHECK] User admin is superuser → full queryset access.
INFO 2025-10-04 15:24:51,084 basehttp 3764 2816 "GET /accounts/roles/ HTTP/1.1" 200 107503
ERROR 2025-10-04 15:24:57,837 log 3764 2816 Internal Server Error: /accounts/admin_dashboard/
Traceback (most recent call last):
  File "D:\Python312\Lib\site-packages\django\core\handlers\exception.py", line 55, in inner
    response = get_response(request)
  File "D:\Python312\Lib\site-packages\django\core\handlers\base.py", line 197, in _get_response
    response = wrapped_callback(request, *callback_args, **callback_kwargs)
  File "D:\Source.TavanGS\WebSite\accounts\views.py", line 180, in dashboard_view
    return render(request, "accounts/dashboardLink.html", {"cards": cards})
  File "D:\Python312\Lib\site-packages\django\shortcuts.py", line 25, in render
    content = loader.render_to_string(template_name, context, request, using=using)
  File "D:\Python312\Lib\site-packages\django\template\loader.py", line 62, in render_to_string
    return template.render(context, request)
           ~~~~~~~~~~~~~~~^^^^^^^^^^^^^^^^^^
  File "D:\Python312\Lib\site-packages\django\template\backends\django.py", line 107, in render
    return self.template.render(context)
           ~~~~~~~~~~~~~~~~~~~~^^^^^^^^^
  File "D:\Python312\Lib\site-packages\django\template\base.py", line 171, in render
    return self._render(context)
           ~~~~~~~~~~~~^^^^^^^^^
  File "D:\Python312\Lib\site-packages\django\template\base.py", line 163, in _render
    return self.nodelist.render(context)
           ~~~~~~~~~~~~~~~~~~~~^^^^^^^^^
  File "D:\Python312\Lib\site-packages\django\template\base.py", line 1008, in render
    return SafeString("".join([node.render_annotated(context) for node in self]))
                               ~~~~~~~~~~~~~~~~~~~~~^^^^^^^^^
  File "D:\Python312\Lib\site-packages\django\template\base.py", line 969, in render_annotated
    return self.render(context)
           ~~~~~~~~~~~^^^^^^^^^
  File "D:\Python312\Lib\site-packages\django\template\loader_tags.py", line 159, in render
    return compiled_parent._render(context)
           ~~~~~~~~~~~~~~~~~~~~~~~^^^^^^^^^
  File "D:\Python312\Lib\site-packages\django\template\base.py", line 163, in _render
    return self.nodelist.render(context)
           ~~~~~~~~~~~~~~~~~~~~^^^^^^^^^
  File "D:\Python312\Lib\site-packages\django\template\base.py", line 1008, in render
    return SafeString("".join([node.render_annotated(context) for node in self]))
                               ~~~~~~~~~~~~~~~~~~~~~^^^^^^^^^
  File "D:\Python312\Lib\site-packages\django\template\base.py", line 969, in render_annotated
    return self.render(context)
           ~~~~~~~~~~~^^^^^^^^^
  File "D:\Python312\Lib\site-packages\django\template\loader_tags.py", line 65, in render
    result = block.nodelist.render(context)
  File "D:\Python312\Lib\site-packages\django\template\base.py", line 1008, in render
    return SafeString("".join([node.render_annotated(context) for node in self]))
                               ~~~~~~~~~~~~~~~~~~~~~^^^^^^^^^
  File "D:\Python312\Lib\site-packages\django\template\base.py", line 969, in render_annotated
    return self.render(context)
           ~~~~~~~~~~~^^^^^^^^^
  File "D:\Python312\Lib\site-packages\django\template\defaulttags.py", line 243, in render
    nodelist.append(node.render_annotated(context))
                    ~~~~~~~~~~~~~~~~~~~~~^^^^^^^^^
  File "D:\Python312\Lib\site-packages\django\template\base.py", line 969, in render_annotated
    return self.render(context)
           ~~~~~~~~~~~^^^^^^^^^
  File "D:\Python312\Lib\site-packages\django\template\defaulttags.py", line 243, in render
    nodelist.append(node.render_annotated(context))
                    ~~~~~~~~~~~~~~~~~~~~~^^^^^^^^^
  File "D:\Python312\Lib\site-packages\django\template\base.py", line 969, in render_annotated
    return self.render(context)
           ~~~~~~~~~~~^^^^^^^^^
  File "D:\Python312\Lib\site-packages\django\template\defaulttags.py", line 480, in render
    url = reverse(view_name, args=args, kwargs=kwargs, current_app=current_app)
  File "D:\Python312\Lib\site-packages\django\urls\base.py", line 88, in reverse
    return resolver._reverse_with_prefix(view, prefix, *args, **kwargs)
           ~~~~~~~~~~~~~~~~~~~~~~~~~~~~~^^^^^^^^^^^^^^^^^^^^^^^^^^^^^^^
  File "D:\Python312\Lib\site-packages\django\urls\resolvers.py", line 831, in _reverse_with_prefix
    raise NoReverseMatch(msg)
django.urls.exceptions.NoReverseMatch: Reverse for 'system_settings_dashboard' not found. 'system_settings_dashboard' is not a valid view function or pattern name.
ERROR 2025-10-04 15:24:57,843 basehttp 3764 2816 "GET /accounts/admin_dashboard/ HTTP/1.1" 500 333998
INFO 2025-10-04 15:28:14,579 basehttp 3764 19812 "GET /settings/control/ HTTP/1.1" 200 55730
INFO 2025-10-04 15:28:14,638 basehttp 3764 19812 "GET /settings/css/dynamic.css HTTP/1.1" 200 5524
WARNING 2025-10-04 15:28:14,644 basehttp 3764 8908 "GET /static/admin/css/ HTTP/1.1" 404 1982
INFO 2025-10-04 15:28:20,539 has_role_permission 3764 19812 کاربر سوپریوزر است، دسترسی کامل 👍
INFO 2025-10-04 15:28:20,579 basehttp 3764 19812 "GET /accounts/active-users/ HTTP/1.1" 200 26291
INFO 2025-10-04 15:28:20,665 basehttp 3764 19812 "GET /settings/css/dynamic.css HTTP/1.1" 200 5524
WARNING 2025-10-04 15:28:20,667 basehttp 3764 16564 "GET /static/admin/css/ HTTP/1.1" 404 1982
WARNING 2025-10-04 15:28:20,675 basehttp 3764 19812 "GET /static/admin/css/accountsStyle.css HTTP/1.1" 404 2008
INFO 2025-10-04 15:28:25,596 has_role_permission 3764 10168 کاربر سوپریوزر است، دسترسی کامل 👍
INFO 2025-10-04 15:28:25,633 basehttp 3764 10168 "GET /accounts/profile/ HTTP/1.1" 200 30693
INFO 2025-10-04 15:28:25,706 basehttp 3764 10168 "GET /settings/css/dynamic.css HTTP/1.1" 200 5524
WARNING 2025-10-04 15:28:25,711 basehttp 3764 21024 "GET /static/admin/css/ HTTP/1.1" 404 1982
INFO 2025-10-04 15:28:29,224 PermissionBase 3764 10168 [PERM_CHECK] User admin is superuser → full access granted.
INFO 2025-10-04 15:28:29,228 PermissionBase 3764 10168 [PERM_CHECK] User admin passed base permission check for /accounts/roles/
INFO 2025-10-04 15:28:29,230 PermissionBase 3764 10168 [PERM_CHECK] User admin is superuser → full queryset access.
INFO 2025-10-04 15:28:29,300 basehttp 3764 10168 "GET /accounts/roles/ HTTP/1.1" 200 107503
INFO 2025-10-04 15:28:29,388 basehttp 3764 10168 "GET /settings/css/dynamic.css HTTP/1.1" 200 5524
WARNING 2025-10-04 15:28:29,396 basehttp 3764 24316 "GET /static/admin/css/ HTTP/1.1" 404 1982
INFO 2025-10-04 15:39:11,668 basehttp 3764 18624 "GET / HTTP/1.1" 200 41429
INFO 2025-10-04 15:39:11,767 basehttp 3764 18624 "GET /settings/css/dynamic.css HTTP/1.1" 200 5524
WARNING 2025-10-04 15:39:11,774 basehttp 3764 5792 "GET /static/admin/css/ HTTP/1.1" 404 1982
INFO 2025-10-04 15:39:11,864 basehttp 3764 18624 "GET /media/products/logos/21321.png HTTP/1.1" 304 0
ERROR 2025-10-04 18:22:16,884 log 4804 11392 Internal Server Error: /accounts/admin_dashboard/
Traceback (most recent call last):
  File "D:\Python312\Lib\site-packages\django\core\handlers\exception.py", line 55, in inner
    response = get_response(request)
  File "D:\Python312\Lib\site-packages\django\core\handlers\base.py", line 197, in _get_response
    response = wrapped_callback(request, *callback_args, **callback_kwargs)
  File "D:\Source.TavanGS\WebSite\accounts\views.py", line 180, in dashboard_view
    return render(request, "accounts/dashboardLink.html", {"cards": cards})
  File "D:\Python312\Lib\site-packages\django\shortcuts.py", line 25, in render
    content = loader.render_to_string(template_name, context, request, using=using)
  File "D:\Python312\Lib\site-packages\django\template\loader.py", line 62, in render_to_string
    return template.render(context, request)
           ~~~~~~~~~~~~~~~^^^^^^^^^^^^^^^^^^
  File "D:\Python312\Lib\site-packages\django\template\backends\django.py", line 107, in render
    return self.template.render(context)
           ~~~~~~~~~~~~~~~~~~~~^^^^^^^^^
  File "D:\Python312\Lib\site-packages\django\template\base.py", line 171, in render
    return self._render(context)
           ~~~~~~~~~~~~^^^^^^^^^
  File "D:\Python312\Lib\site-packages\django\template\base.py", line 163, in _render
    return self.nodelist.render(context)
           ~~~~~~~~~~~~~~~~~~~~^^^^^^^^^
  File "D:\Python312\Lib\site-packages\django\template\base.py", line 1008, in render
    return SafeString("".join([node.render_annotated(context) for node in self]))
                               ~~~~~~~~~~~~~~~~~~~~~^^^^^^^^^
  File "D:\Python312\Lib\site-packages\django\template\base.py", line 969, in render_annotated
    return self.render(context)
           ~~~~~~~~~~~^^^^^^^^^
  File "D:\Python312\Lib\site-packages\django\template\loader_tags.py", line 159, in render
    return compiled_parent._render(context)
           ~~~~~~~~~~~~~~~~~~~~~~~^^^^^^^^^
  File "D:\Python312\Lib\site-packages\django\template\base.py", line 163, in _render
    return self.nodelist.render(context)
           ~~~~~~~~~~~~~~~~~~~~^^^^^^^^^
  File "D:\Python312\Lib\site-packages\django\template\base.py", line 1008, in render
    return SafeString("".join([node.render_annotated(context) for node in self]))
                               ~~~~~~~~~~~~~~~~~~~~~^^^^^^^^^
  File "D:\Python312\Lib\site-packages\django\template\base.py", line 969, in render_annotated
    return self.render(context)
           ~~~~~~~~~~~^^^^^^^^^
  File "D:\Python312\Lib\site-packages\django\template\loader_tags.py", line 65, in render
    result = block.nodelist.render(context)
  File "D:\Python312\Lib\site-packages\django\template\base.py", line 1008, in render
    return SafeString("".join([node.render_annotated(context) for node in self]))
                               ~~~~~~~~~~~~~~~~~~~~~^^^^^^^^^
  File "D:\Python312\Lib\site-packages\django\template\base.py", line 969, in render_annotated
    return self.render(context)
           ~~~~~~~~~~~^^^^^^^^^
  File "D:\Python312\Lib\site-packages\django\template\defaulttags.py", line 243, in render
    nodelist.append(node.render_annotated(context))
                    ~~~~~~~~~~~~~~~~~~~~~^^^^^^^^^
  File "D:\Python312\Lib\site-packages\django\template\base.py", line 969, in render_annotated
    return self.render(context)
           ~~~~~~~~~~~^^^^^^^^^
  File "D:\Python312\Lib\site-packages\django\template\defaulttags.py", line 243, in render
    nodelist.append(node.render_annotated(context))
                    ~~~~~~~~~~~~~~~~~~~~~^^^^^^^^^
  File "D:\Python312\Lib\site-packages\django\template\base.py", line 969, in render_annotated
    return self.render(context)
           ~~~~~~~~~~~^^^^^^^^^
  File "D:\Python312\Lib\site-packages\django\template\defaulttags.py", line 480, in render
    url = reverse(view_name, args=args, kwargs=kwargs, current_app=current_app)
  File "D:\Python312\Lib\site-packages\django\urls\base.py", line 88, in reverse
    return resolver._reverse_with_prefix(view, prefix, *args, **kwargs)
           ~~~~~~~~~~~~~~~~~~~~~~~~~~~~~^^^^^^^^^^^^^^^^^^^^^^^^^^^^^^^
  File "D:\Python312\Lib\site-packages\django\urls\resolvers.py", line 831, in _reverse_with_prefix
    raise NoReverseMatch(msg)
django.urls.exceptions.NoReverseMatch: Reverse for 'system_settings_dashboard' not found. 'system_settings_dashboard' is not a valid view function or pattern name.
ERROR 2025-10-04 18:22:16,895 basehttp 4804 11392 "GET /accounts/admin_dashboard/ HTTP/1.1" 500 331383
INFO 2025-10-04 18:22:16,899 basehttp 4804 11392 - Broken pipe from ('127.0.0.1', 65410)
ERROR 2025-10-04 18:24:33,507 log 4804 16232 Internal Server Error: /accounts/admin_dashboard/
Traceback (most recent call last):
  File "D:\Python312\Lib\site-packages\django\core\handlers\exception.py", line 55, in inner
    response = get_response(request)
  File "D:\Python312\Lib\site-packages\django\core\handlers\base.py", line 197, in _get_response
    response = wrapped_callback(request, *callback_args, **callback_kwargs)
  File "D:\Source.TavanGS\WebSite\accounts\views.py", line 180, in dashboard_view
    model = MyGroup
           ^^^^^^^^
  File "D:\Python312\Lib\site-packages\django\shortcuts.py", line 25, in render
    content = loader.render_to_string(template_name, context, request, using=using)
  File "D:\Python312\Lib\site-packages\django\template\loader.py", line 62, in render_to_string
    return template.render(context, request)
           ~~~~~~~~~~~~~~~^^^^^^^^^^^^^^^^^^
  File "D:\Python312\Lib\site-packages\django\template\backends\django.py", line 107, in render
    return self.template.render(context)
           ~~~~~~~~~~~~~~~~~~~~^^^^^^^^^
  File "D:\Python312\Lib\site-packages\django\template\base.py", line 171, in render
    return self._render(context)
           ~~~~~~~~~~~~^^^^^^^^^
  File "D:\Python312\Lib\site-packages\django\template\base.py", line 163, in _render
    return self.nodelist.render(context)
           ~~~~~~~~~~~~~~~~~~~~^^^^^^^^^
  File "D:\Python312\Lib\site-packages\django\template\base.py", line 1008, in render
    return SafeString("".join([node.render_annotated(context) for node in self]))
                               ~~~~~~~~~~~~~~~~~~~~~^^^^^^^^^
  File "D:\Python312\Lib\site-packages\django\template\base.py", line 969, in render_annotated
    return self.render(context)
           ~~~~~~~~~~~^^^^^^^^^
  File "D:\Python312\Lib\site-packages\django\template\loader_tags.py", line 159, in render
    return compiled_parent._render(context)
           ~~~~~~~~~~~~~~~~~~~~~~~^^^^^^^^^
  File "D:\Python312\Lib\site-packages\django\template\base.py", line 163, in _render
    return self.nodelist.render(context)
           ~~~~~~~~~~~~~~~~~~~~^^^^^^^^^
  File "D:\Python312\Lib\site-packages\django\template\base.py", line 1008, in render
    return SafeString("".join([node.render_annotated(context) for node in self]))
                               ~~~~~~~~~~~~~~~~~~~~~^^^^^^^^^
  File "D:\Python312\Lib\site-packages\django\template\base.py", line 969, in render_annotated
    return self.render(context)
           ~~~~~~~~~~~^^^^^^^^^
  File "D:\Python312\Lib\site-packages\django\template\loader_tags.py", line 65, in render
    result = block.nodelist.render(context)
  File "D:\Python312\Lib\site-packages\django\template\base.py", line 1008, in render
    return SafeString("".join([node.render_annotated(context) for node in self]))
                               ~~~~~~~~~~~~~~~~~~~~~^^^^^^^^^
  File "D:\Python312\Lib\site-packages\django\template\base.py", line 969, in render_annotated
    return self.render(context)
           ~~~~~~~~~~~^^^^^^^^^
  File "D:\Python312\Lib\site-packages\django\template\defaulttags.py", line 243, in render
    nodelist.append(node.render_annotated(context))
                    ~~~~~~~~~~~~~~~~~~~~~^^^^^^^^^
  File "D:\Python312\Lib\site-packages\django\template\base.py", line 969, in render_annotated
    return self.render(context)
           ~~~~~~~~~~~^^^^^^^^^
  File "D:\Python312\Lib\site-packages\django\template\defaulttags.py", line 243, in render
    nodelist.append(node.render_annotated(context))
                    ~~~~~~~~~~~~~~~~~~~~~^^^^^^^^^
  File "D:\Python312\Lib\site-packages\django\template\base.py", line 969, in render_annotated
    return self.render(context)
           ~~~~~~~~~~~^^^^^^^^^
  File "D:\Python312\Lib\site-packages\django\template\defaulttags.py", line 480, in render
    url = reverse(view_name, args=args, kwargs=kwargs, current_app=current_app)
  File "D:\Python312\Lib\site-packages\django\urls\base.py", line 88, in reverse
    return resolver._reverse_with_prefix(view, prefix, *args, **kwargs)
           ~~~~~~~~~~~~~~~~~~~~~~~~~~~~~^^^^^^^^^^^^^^^^^^^^^^^^^^^^^^^
  File "D:\Python312\Lib\site-packages\django\urls\resolvers.py", line 831, in _reverse_with_prefix
    raise NoReverseMatch(msg)
django.urls.exceptions.NoReverseMatch: Reverse for 'system_settings_dashboard' not found. 'system_settings_dashboard' is not a valid view function or pattern name.
ERROR 2025-10-04 18:24:33,521 basehttp 4804 16232 "GET /accounts/admin_dashboard/ HTTP/1.1" 500 331145
INFO 2025-10-04 18:24:33,523 basehttp 4804 16232 - Broken pipe from ('127.0.0.1', 63867)
ERROR 2025-10-04 18:24:47,199 log 4804 14952 Internal Server Error: /accounts/admin_dashboard/
Traceback (most recent call last):
  File "D:\Python312\Lib\site-packages\django\core\handlers\exception.py", line 55, in inner
    response = get_response(request)
  File "D:\Python312\Lib\site-packages\django\core\handlers\base.py", line 197, in _get_response
    response = wrapped_callback(request, *callback_args, **callback_kwargs)
  File "D:\Source.TavanGS\WebSite\accounts\views.py", line 180, in dashboard_view
    model = MyGroup
           ^^^^^^^^
  File "D:\Python312\Lib\site-packages\django\shortcuts.py", line 25, in render
    content = loader.render_to_string(template_name, context, request, using=using)
  File "D:\Python312\Lib\site-packages\django\template\loader.py", line 62, in render_to_string
    return template.render(context, request)
           ~~~~~~~~~~~~~~~^^^^^^^^^^^^^^^^^^
  File "D:\Python312\Lib\site-packages\django\template\backends\django.py", line 107, in render
    return self.template.render(context)
           ~~~~~~~~~~~~~~~~~~~~^^^^^^^^^
  File "D:\Python312\Lib\site-packages\django\template\base.py", line 171, in render
    return self._render(context)
           ~~~~~~~~~~~~^^^^^^^^^
  File "D:\Python312\Lib\site-packages\django\template\base.py", line 163, in _render
    return self.nodelist.render(context)
           ~~~~~~~~~~~~~~~~~~~~^^^^^^^^^
  File "D:\Python312\Lib\site-packages\django\template\base.py", line 1008, in render
    return SafeString("".join([node.render_annotated(context) for node in self]))
                               ~~~~~~~~~~~~~~~~~~~~~^^^^^^^^^
  File "D:\Python312\Lib\site-packages\django\template\base.py", line 969, in render_annotated
    return self.render(context)
           ~~~~~~~~~~~^^^^^^^^^
  File "D:\Python312\Lib\site-packages\django\template\loader_tags.py", line 159, in render
    return compiled_parent._render(context)
           ~~~~~~~~~~~~~~~~~~~~~~~^^^^^^^^^
  File "D:\Python312\Lib\site-packages\django\template\base.py", line 163, in _render
    return self.nodelist.render(context)
           ~~~~~~~~~~~~~~~~~~~~^^^^^^^^^
  File "D:\Python312\Lib\site-packages\django\template\base.py", line 1008, in render
    return SafeString("".join([node.render_annotated(context) for node in self]))
                               ~~~~~~~~~~~~~~~~~~~~~^^^^^^^^^
  File "D:\Python312\Lib\site-packages\django\template\base.py", line 969, in render_annotated
    return self.render(context)
           ~~~~~~~~~~~^^^^^^^^^
  File "D:\Python312\Lib\site-packages\django\template\loader_tags.py", line 65, in render
    result = block.nodelist.render(context)
  File "D:\Python312\Lib\site-packages\django\template\base.py", line 1008, in render
    return SafeString("".join([node.render_annotated(context) for node in self]))
                               ~~~~~~~~~~~~~~~~~~~~~^^^^^^^^^
  File "D:\Python312\Lib\site-packages\django\template\base.py", line 969, in render_annotated
    return self.render(context)
           ~~~~~~~~~~~^^^^^^^^^
  File "D:\Python312\Lib\site-packages\django\template\defaulttags.py", line 243, in render
    nodelist.append(node.render_annotated(context))
                    ~~~~~~~~~~~~~~~~~~~~~^^^^^^^^^
  File "D:\Python312\Lib\site-packages\django\template\base.py", line 969, in render_annotated
    return self.render(context)
           ~~~~~~~~~~~^^^^^^^^^
  File "D:\Python312\Lib\site-packages\django\template\defaulttags.py", line 243, in render
    nodelist.append(node.render_annotated(context))
                    ~~~~~~~~~~~~~~~~~~~~~^^^^^^^^^
  File "D:\Python312\Lib\site-packages\django\template\base.py", line 969, in render_annotated
    return self.render(context)
           ~~~~~~~~~~~^^^^^^^^^
  File "D:\Python312\Lib\site-packages\django\template\defaulttags.py", line 480, in render
    url = reverse(view_name, args=args, kwargs=kwargs, current_app=current_app)
  File "D:\Python312\Lib\site-packages\django\urls\base.py", line 88, in reverse
    return resolver._reverse_with_prefix(view, prefix, *args, **kwargs)
           ~~~~~~~~~~~~~~~~~~~~~~~~~~~~~^^^^^^^^^^^^^^^^^^^^^^^^^^^^^^^
  File "D:\Python312\Lib\site-packages\django\urls\resolvers.py", line 831, in _reverse_with_prefix
    raise NoReverseMatch(msg)
django.urls.exceptions.NoReverseMatch: Reverse for 'system_settings_dashboard' not found. 'system_settings_dashboard' is not a valid view function or pattern name.
ERROR 2025-10-04 18:24:47,203 basehttp 4804 14952 "GET /accounts/admin_dashboard/ HTTP/1.1" 500 331145
INFO 2025-10-04 18:24:47,204 basehttp 4804 14952 - Broken pipe from ('127.0.0.1', 60143)
INFO 2025-10-04 18:24:59,803 basehttp 26184 24556 "GET /accounts/admin_dashboard/ HTTP/1.1" 302 0
INFO 2025-10-04 18:24:59,857 basehttp 26184 24556 "GET /accounts/login/?next=/accounts/admin_dashboard/ HTTP/1.1" 200 38429
WARNING 2025-10-04 18:25:29,881 PermissionBase 26184 20308 [PERM_CHECK] Unauthorized access attempt by anonymous user to /accounts/roles/
INFO 2025-10-04 18:25:29,937 basehttp 26184 20308 "GET /accounts/roles/ HTTP/1.1" 302 0
INFO 2025-10-04 18:25:30,024 basehttp 26184 20308 "GET /accounts/login/ HTTP/1.1" 200 38680
INFO 2025-10-04 18:25:30,095 basehttp 26184 20308 "GET /static/css/fa-path.css HTTP/1.1" 304 0
WARNING 2025-10-04 18:25:30,105 basehttp 26184 12588 "GET /static/admin/css/ HTTP/1.1" 404 1982
INFO 2025-10-04 18:25:30,112 basehttp 26184 27600 "GET /settings/css/dynamic.css HTTP/1.1" 200 5524
INFO 2025-10-04 18:25:30,264 basehttp 26184 27600 "GET /media/fonts/Parastoo.woff2 HTTP/1.1" 304 0
INFO 2025-10-04 18:25:33,627 signals 26184 27600 Single-session enforced for user=admin, session=b92tz3n2eim1hdpgyqxbmhkd4ue6gjjh
INFO 2025-10-04 18:25:33,633 basehttp 26184 27600 "POST /accounts/login/ HTTP/1.1" 302 0
INFO 2025-10-04 18:25:33,696 basehttp 26184 27600 "GET / HTTP/1.1" 200 41429
INFO 2025-10-04 18:25:33,809 basehttp 26184 27600 "GET /settings/css/dynamic.css HTTP/1.1" 200 5524
INFO 2025-10-04 18:25:33,829 basehttp 26184 27600 "GET /media/products/logos/21321.png HTTP/1.1" 304 0
WARNING 2025-10-04 18:25:33,829 basehttp 26184 20308 "GET /static/admin/css/ HTTP/1.1" 404 1955
INFO 2025-10-04 18:25:41,772 basehttp 26184 12156 "GET /settings/control/ HTTP/1.1" 200 55730
INFO 2025-10-04 18:25:41,836 basehttp 26184 12156 "GET /settings/css/dynamic.css HTTP/1.1" 200 5524
WARNING 2025-10-04 18:25:41,842 basehttp 26184 24944 "GET /static/admin/css/ HTTP/1.1" 404 1982
INFO 2025-10-04 18:25:46,287 PermissionBase 26184 18268 [PERM_CHECK] User admin is superuser → full access granted.
INFO 2025-10-04 18:25:46,287 PermissionBase 26184 18268 [PERM_CHECK] User admin passed base permission check for /accounts/roles/
INFO 2025-10-04 18:25:46,288 PermissionBase 26184 18268 [PERM_CHECK] User admin is superuser → full queryset access.
INFO 2025-10-04 18:25:46,371 basehttp 26184 18268 "GET /accounts/roles/ HTTP/1.1" 200 107503
INFO 2025-10-04 18:25:46,432 basehttp 26184 18268 "GET /settings/css/dynamic.css HTTP/1.1" 200 5524
WARNING 2025-10-04 18:25:46,432 basehttp 26184 22836 "GET /static/admin/css/ HTTP/1.1" 404 1982
INFO 2025-10-04 18:26:06,144 has_role_permission 26184 2088 کاربر سوپریوزر است، دسترسی کامل 👍
INFO 2025-10-04 18:26:06,174 basehttp 26184 2088 "GET /accounts/profile/ HTTP/1.1" 200 30693
INFO 2025-10-04 18:26:06,253 basehttp 26184 2088 "GET /settings/css/dynamic.css HTTP/1.1" 200 5524
WARNING 2025-10-04 18:26:06,257 basehttp 26184 15172 "GET /static/admin/css/ HTTP/1.1" 404 1982
INFO 2025-10-04 18:26:10,781 has_role_permission 26184 2088 کاربر سوپریوزر است، دسترسی کامل 👍
INFO 2025-10-04 18:26:10,822 basehttp 26184 2088 "GET /accounts/groups/ HTTP/1.1" 200 30395
INFO 2025-10-04 18:26:10,882 basehttp 26184 2088 "GET /settings/css/dynamic.css HTTP/1.1" 200 5524
WARNING 2025-10-04 18:26:10,888 basehttp 26184 6044 "GET /static/admin/css/ HTTP/1.1" 404 1982
INFO 2025-10-04 18:26:16,036 PermissionBase 26184 2088 [PERM_CHECK] User admin is superuser → full access granted.
INFO 2025-10-04 18:26:16,037 PermissionBase 26184 2088 [PERM_CHECK] User admin passed base permission check for /accounts/roles/
INFO 2025-10-04 18:26:16,037 PermissionBase 26184 2088 [PERM_CHECK] User admin is superuser → full queryset access.
INFO 2025-10-04 18:26:16,074 basehttp 26184 2088 "GET /accounts/roles/ HTTP/1.1" 200 107503
INFO 2025-10-04 18:26:16,144 basehttp 26184 2088 "GET /settings/css/dynamic.css HTTP/1.1" 200 5524
WARNING 2025-10-04 18:26:16,149 basehttp 26184 8924 "GET /static/admin/css/ HTTP/1.1" 404 1982
INFO 2025-10-04 18:26:23,892 has_role_permission 26184 2088 کاربر سوپریوزر است، دسترسی کامل 👍
INFO 2025-10-04 18:26:23,900 basehttp 26184 2088 "POST /accounts/roles/11/deactivate/ HTTP/1.1" 302 0
INFO 2025-10-04 18:26:23,916 PermissionBase 26184 2088 [PERM_CHECK] User admin is superuser → full access granted.
INFO 2025-10-04 18:26:23,917 PermissionBase 26184 2088 [PERM_CHECK] User admin passed base permission check for /accounts/roles/
INFO 2025-10-04 18:26:23,917 PermissionBase 26184 2088 [PERM_CHECK] User admin is superuser → full queryset access.
INFO 2025-10-04 18:26:23,961 basehttp 26184 2088 "GET /accounts/roles/ HTTP/1.1" 200 102196
INFO 2025-10-04 18:26:24,033 basehttp 26184 2088 "GET /settings/css/dynamic.css HTTP/1.1" 200 5524
WARNING 2025-10-04 18:26:24,033 basehttp 26184 6972 "GET /static/admin/css/ HTTP/1.1" 404 1982
INFO 2025-10-04 18:26:26,879 has_role_permission 26184 2088 کاربر سوپریوزر است، دسترسی کامل 👍
INFO 2025-10-04 18:26:26,885 basehttp 26184 2088 "POST /accounts/roles/10/deactivate/ HTTP/1.1" 302 0
INFO 2025-10-04 18:26:26,897 PermissionBase 26184 2088 [PERM_CHECK] User admin is superuser → full access granted.
INFO 2025-10-04 18:26:26,897 PermissionBase 26184 2088 [PERM_CHECK] User admin passed base permission check for /accounts/roles/
INFO 2025-10-04 18:26:26,897 PermissionBase 26184 2088 [PERM_CHECK] User admin is superuser → full queryset access.
INFO 2025-10-04 18:26:26,926 basehttp 26184 2088 "GET /accounts/roles/ HTTP/1.1" 200 93230
INFO 2025-10-04 18:26:26,993 basehttp 26184 2088 "GET /settings/css/dynamic.css HTTP/1.1" 200 5524
WARNING 2025-10-04 18:26:26,997 basehttp 26184 5720 "GET /static/admin/css/ HTTP/1.1" 404 1982
INFO 2025-10-04 18:26:31,908 has_role_permission 26184 2088 کاربر سوپریوزر است، دسترسی کامل 👍
INFO 2025-10-04 18:26:31,914 basehttp 26184 2088 "POST /accounts/roles/3/deactivate/ HTTP/1.1" 302 0
INFO 2025-10-04 18:26:31,926 PermissionBase 26184 2088 [PERM_CHECK] User admin is superuser → full access granted.
INFO 2025-10-04 18:26:31,926 PermissionBase 26184 2088 [PERM_CHECK] User admin passed base permission check for /accounts/roles/
INFO 2025-10-04 18:26:31,927 PermissionBase 26184 2088 [PERM_CHECK] User admin is superuser → full queryset access.
INFO 2025-10-04 18:26:31,960 basehttp 26184 2088 "GET /accounts/roles/ HTTP/1.1" 200 87056
INFO 2025-10-04 18:26:32,017 basehttp 26184 2088 "GET /settings/css/dynamic.css HTTP/1.1" 200 5524
WARNING 2025-10-04 18:26:32,021 basehttp 26184 3832 "GET /static/admin/css/ HTTP/1.1" 404 1982
INFO 2025-10-04 18:26:35,011 has_role_permission 26184 2088 کاربر سوپریوزر است، دسترسی کامل 👍
INFO 2025-10-04 18:26:35,017 basehttp 26184 2088 "POST /accounts/roles/9/deactivate/ HTTP/1.1" 302 0
INFO 2025-10-04 18:26:35,026 PermissionBase 26184 2088 [PERM_CHECK] User admin is superuser → full access granted.
INFO 2025-10-04 18:26:35,026 PermissionBase 26184 2088 [PERM_CHECK] User admin passed base permission check for /accounts/roles/
INFO 2025-10-04 18:26:35,027 PermissionBase 26184 2088 [PERM_CHECK] User admin is superuser → full queryset access.
INFO 2025-10-04 18:26:35,056 basehttp 26184 2088 "GET /accounts/roles/ HTTP/1.1" 200 79173
INFO 2025-10-04 18:26:35,119 basehttp 26184 2088 "GET /settings/css/dynamic.css HTTP/1.1" 200 5524
WARNING 2025-10-04 18:26:35,120 basehttp 26184 6268 "GET /static/admin/css/ HTTP/1.1" 404 1982
INFO 2025-10-04 18:26:38,392 has_role_permission 26184 2088 کاربر سوپریوزر است، دسترسی کامل 👍
INFO 2025-10-04 18:26:38,398 basehttp 26184 2088 "POST /accounts/roles/8/deactivate/ HTTP/1.1" 302 0
INFO 2025-10-04 18:26:38,410 PermissionBase 26184 2088 [PERM_CHECK] User admin is superuser → full access granted.
INFO 2025-10-04 18:26:38,412 PermissionBase 26184 2088 [PERM_CHECK] User admin passed base permission check for /accounts/roles/
INFO 2025-10-04 18:26:38,413 PermissionBase 26184 2088 [PERM_CHECK] User admin is superuser → full queryset access.
INFO 2025-10-04 18:26:38,462 basehttp 26184 2088 "GET /accounts/roles/ HTTP/1.1" 200 68041
INFO 2025-10-04 18:26:38,533 basehttp 26184 2088 "GET /settings/css/dynamic.css HTTP/1.1" 200 5524
WARNING 2025-10-04 18:26:38,537 basehttp 26184 26548 "GET /static/admin/css/ HTTP/1.1" 404 1982
INFO 2025-10-04 18:27:35,718 has_role_permission 26184 2088 کاربر سوپریوزر است، دسترسی کامل 👍
INFO 2025-10-04 18:27:35,737 basehttp 26184 2088 "POST /accounts/roles/7/deactivate/ HTTP/1.1" 302 0
INFO 2025-10-04 18:27:35,768 PermissionBase 26184 2088 [PERM_CHECK] User admin is superuser → full access granted.
INFO 2025-10-04 18:27:35,769 PermissionBase 26184 2088 [PERM_CHECK] User admin passed base permission check for /accounts/roles/
INFO 2025-10-04 18:27:35,770 PermissionBase 26184 2088 [PERM_CHECK] User admin is superuser → full queryset access.
INFO 2025-10-04 18:27:35,876 basehttp 26184 2088 "GET /accounts/roles/ HTTP/1.1" 200 59820
INFO 2025-10-04 18:27:35,967 basehttp 26184 2088 "GET /settings/css/dynamic.css HTTP/1.1" 200 5524
WARNING 2025-10-04 18:27:35,976 basehttp 26184 25128 "GET /static/admin/css/ HTTP/1.1" 404 1982
INFO 2025-10-04 18:27:40,015 has_role_permission 26184 2088 کاربر سوپریوزر است، دسترسی کامل 👍
INFO 2025-10-04 18:27:40,028 basehttp 26184 2088 "POST /accounts/roles/6/deactivate/ HTTP/1.1" 302 0
INFO 2025-10-04 18:27:40,047 PermissionBase 26184 2088 [PERM_CHECK] User admin is superuser → full access granted.
INFO 2025-10-04 18:27:40,048 PermissionBase 26184 2088 [PERM_CHECK] User admin passed base permission check for /accounts/roles/
INFO 2025-10-04 18:27:40,050 PermissionBase 26184 2088 [PERM_CHECK] User admin is superuser → full queryset access.
INFO 2025-10-04 18:27:40,287 basehttp 26184 2088 "GET /accounts/roles/ HTTP/1.1" 200 54136
INFO 2025-10-04 18:27:40,371 basehttp 26184 2088 "GET /settings/css/dynamic.css HTTP/1.1" 200 5524
WARNING 2025-10-04 18:27:40,379 basehttp 26184 16708 "GET /static/admin/css/ HTTP/1.1" 404 1982
INFO 2025-10-04 18:27:42,473 has_role_permission 26184 2088 کاربر سوپریوزر است، دسترسی کامل 👍
INFO 2025-10-04 18:27:42,491 basehttp 26184 2088 "POST /accounts/roles/5/deactivate/ HTTP/1.1" 302 0
INFO 2025-10-04 18:27:42,523 PermissionBase 26184 2088 [PERM_CHECK] User admin is superuser → full access granted.
INFO 2025-10-04 18:27:42,525 PermissionBase 26184 2088 [PERM_CHECK] User admin passed base permission check for /accounts/roles/
INFO 2025-10-04 18:27:42,526 PermissionBase 26184 2088 [PERM_CHECK] User admin is superuser → full queryset access.
INFO 2025-10-04 18:27:42,599 basehttp 26184 2088 "GET /accounts/roles/ HTTP/1.1" 200 47905
INFO 2025-10-04 18:27:42,686 basehttp 26184 2088 "GET /settings/css/dynamic.css HTTP/1.1" 200 5524
WARNING 2025-10-04 18:27:42,695 basehttp 26184 26800 "GET /static/admin/css/ HTTP/1.1" 404 1982
INFO 2025-10-04 18:27:44,558 has_role_permission 26184 2088 کاربر سوپریوزر است، دسترسی کامل 👍
INFO 2025-10-04 18:27:44,575 basehttp 26184 2088 "POST /accounts/roles/4/deactivate/ HTTP/1.1" 302 0
INFO 2025-10-04 18:27:44,610 PermissionBase 26184 2088 [PERM_CHECK] User admin is superuser → full access granted.
INFO 2025-10-04 18:27:44,611 PermissionBase 26184 2088 [PERM_CHECK] User admin passed base permission check for /accounts/roles/
INFO 2025-10-04 18:27:44,612 PermissionBase 26184 2088 [PERM_CHECK] User admin is superuser → full queryset access.
INFO 2025-10-04 18:27:44,693 basehttp 26184 2088 "GET /accounts/roles/ HTTP/1.1" 200 42309
INFO 2025-10-04 18:27:44,787 basehttp 26184 2088 "GET /settings/css/dynamic.css HTTP/1.1" 200 5524
WARNING 2025-10-04 18:27:44,795 basehttp 26184 26292 "GET /static/admin/css/ HTTP/1.1" 404 1982
INFO 2025-10-04 18:27:46,816 PermissionBase 26184 2088 [PERM_CHECK] User admin is superuser → full access granted.
INFO 2025-10-04 18:27:46,818 PermissionBase 26184 2088 [PERM_CHECK] User admin passed base permission check for /accounts/roles/2/edit/
INFO 2025-10-04 18:27:46,820 PermissionBase 26184 2088 [PERM_CHECK] User admin is superuser → full queryset access.
INFO 2025-10-04 18:27:46,988 basehttp 26184 2088 "GET /accounts/roles/2/edit/ HTTP/1.1" 200 215633
INFO 2025-10-04 18:27:47,071 basehttp 26184 2088 "GET /settings/css/dynamic.css HTTP/1.1" 200 5524
WARNING 2025-10-04 18:27:47,077 basehttp 26184 1672 "GET /static/admin/css/ HTTP/1.1" 404 1982
INFO 2025-10-04 18:31:01,689 PermissionBase 26184 2088 [PERM_CHECK] User admin is superuser → full access granted.
INFO 2025-10-04 18:31:01,690 PermissionBase 26184 2088 [PERM_CHECK] User admin passed base permission check for /accounts/roles/2/edit/
INFO 2025-10-04 18:31:01,690 PermissionBase 26184 2088 [PERM_CHECK] User admin is superuser → full queryset access.
INFO 2025-10-04 18:31:01,720 basehttp 26184 2088 "GET /accounts/roles/2/edit/ HTTP/1.1" 200 32135
INFO 2025-10-04 18:31:01,815 basehttp 26184 2088 "GET /settings/css/dynamic.css HTTP/1.1" 200 5524
WARNING 2025-10-04 18:31:01,821 basehttp 26184 25092 "GET /static/admin/css/ HTTP/1.1" 404 1982
INFO 2025-10-04 18:52:07,619 PermissionBase 26184 17752 [PERM_CHECK] User admin is superuser → full access granted.
INFO 2025-10-04 18:52:07,624 PermissionBase 26184 17752 [PERM_CHECK] User admin passed base permission check for /accounts/roles/
INFO 2025-10-04 18:52:07,626 PermissionBase 26184 17752 [PERM_CHECK] User admin is superuser → full queryset access.
INFO 2025-10-04 18:52:07,742 basehttp 26184 17752 "GET /accounts/roles/ HTTP/1.1" 200 38644
INFO 2025-10-04 18:52:07,821 basehttp 26184 17752 "GET /settings/css/dynamic.css HTTP/1.1" 200 5524
WARNING 2025-10-04 18:52:07,833 basehttp 26184 5544 "GET /static/admin/css/ HTTP/1.1" 404 1982
INFO 2025-10-04 18:52:11,404 PermissionBase 26184 17752 [PERM_CHECK] User admin is superuser → full access granted.
INFO 2025-10-04 18:52:11,406 PermissionBase 26184 17752 [PERM_CHECK] User admin passed base permission check for /accounts/roles/2/edit/
INFO 2025-10-04 18:52:11,407 PermissionBase 26184 17752 [PERM_CHECK] User admin is superuser → full queryset access.
INFO 2025-10-04 18:52:11,506 basehttp 26184 17752 "GET /accounts/roles/2/edit/ HTTP/1.1" 200 77486
INFO 2025-10-04 18:52:11,607 basehttp 26184 17752 "GET /settings/css/dynamic.css HTTP/1.1" 200 5524
WARNING 2025-10-04 18:52:11,613 basehttp 26184 25652 "GET /static/admin/css/ HTTP/1.1" 404 1982
INFO 2025-10-04 18:57:35,928 PermissionBase 26184 24780 [PERM_CHECK] User admin is superuser → full access granted.
INFO 2025-10-04 18:57:35,928 PermissionBase 26184 24780 [PERM_CHECK] User admin passed base permission check for /accounts/roles/2/edit/
INFO 2025-10-04 18:57:35,929 PermissionBase 26184 24780 [PERM_CHECK] User admin is superuser → full queryset access.
INFO 2025-10-04 18:57:36,055 basehttp 26184 24780 "GET /accounts/roles/2/edit/ HTTP/1.1" 200 249318
INFO 2025-10-04 18:57:36,134 basehttp 26184 24780 "GET /settings/css/dynamic.css HTTP/1.1" 200 5524
WARNING 2025-10-04 18:57:36,142 basehttp 26184 27544 "GET /static/admin/css/ HTTP/1.1" 404 1982
INFO 2025-10-04 18:58:55,991 PermissionBase 26184 24780 [PERM_CHECK] User admin is superuser → full access granted.
INFO 2025-10-04 18:58:55,993 PermissionBase 26184 24780 [PERM_CHECK] User admin passed base permission check for /accounts/roles/2/edit/
INFO 2025-10-04 18:58:55,993 PermissionBase 26184 24780 [PERM_CHECK] User admin is superuser → full queryset access.
INFO 2025-10-04 18:58:56,199 basehttp 26184 24780 "POST /accounts/roles/2/edit/ HTTP/1.1" 302 0
INFO 2025-10-04 18:58:56,235 PermissionBase 26184 24780 [PERM_CHECK] User admin is superuser → full access granted.
INFO 2025-10-04 18:58:56,235 PermissionBase 26184 24780 [PERM_CHECK] User admin passed base permission check for /accounts/roles/
INFO 2025-10-04 18:58:56,236 PermissionBase 26184 24780 [PERM_CHECK] User admin is superuser → full queryset access.
INFO 2025-10-04 18:58:56,294 basehttp 26184 24780 "GET /accounts/roles/ HTTP/1.1" 200 48244
INFO 2025-10-04 18:58:56,420 basehttp 26184 24780 "GET /settings/css/dynamic.css HTTP/1.1" 200 5524
WARNING 2025-10-04 18:58:56,427 basehttp 26184 25456 "GET /static/admin/css/ HTTP/1.1" 404 1982
INFO 2025-10-04 19:01:19,426 PermissionBase 26184 24780 [PERM_CHECK] User admin is superuser → full access granted.
INFO 2025-10-04 19:01:19,427 PermissionBase 26184 24780 [PERM_CHECK] User admin passed base permission check for /accounts/roles/
INFO 2025-10-04 19:01:19,428 PermissionBase 26184 24780 [PERM_CHECK] User admin is superuser → full queryset access.
INFO 2025-10-04 19:01:19,461 basehttp 26184 24780 "GET /accounts/roles/ HTTP/1.1" 200 48244
INFO 2025-10-04 19:01:19,537 basehttp 26184 24780 "GET /static/css/fonts.css HTTP/1.1" 304 0
INFO 2025-10-04 19:01:19,543 basehttp 26184 23500 "GET /settings/css/dynamic.css HTTP/1.1" 200 5524
INFO 2025-10-04 19:01:19,554 basehttp 26184 24780 "GET /static/images/flags/us.svg HTTP/1.1" 304 0
INFO 2025-10-04 19:01:19,558 basehttp 26184 23464 "GET /static/images/logo.svg HTTP/1.1" 304 0
WARNING 2025-10-04 19:01:19,564 basehttp 26184 7980 "GET /static/admin/css/ HTTP/1.1" 404 1982
INFO 2025-10-04 19:01:19,578 basehttp 26184 23464 "GET /static/images/flags/ir.svg HTTP/1.1" 304 0
INFO 2025-10-04 19:01:19,578 basehttp 26184 23500 "GET /static/images/flags/tr.svg HTTP/1.1" 304 0
INFO 2025-10-04 19:01:19,578 basehttp 26184 24780 "GET /static/images/flags/sa.svg HTTP/1.1" 304 0
INFO 2025-10-04 19:02:12,953 PermissionBase 26184 24780 [PERM_CHECK] User admin is superuser → full access granted.
INFO 2025-10-04 19:02:12,954 PermissionBase 26184 24780 [PERM_CHECK] User admin passed base permission check for /accounts/roles/
INFO 2025-10-04 19:02:12,955 PermissionBase 26184 24780 [PERM_CHECK] User admin is superuser → full queryset access.
INFO 2025-10-04 19:02:12,980 basehttp 26184 24780 "GET /accounts/roles/ HTTP/1.1" 200 48244
INFO 2025-10-04 19:02:13,040 basehttp 26184 24780 "GET /settings/css/dynamic.css HTTP/1.1" 200 5524
WARNING 2025-10-04 19:02:13,045 basehttp 26184 23500 "GET /static/admin/css/ HTTP/1.1" 404 1955
INFO 2025-10-04 19:02:14,120 PermissionBase 26184 24780 [PERM_CHECK] User admin is superuser → full access granted.
INFO 2025-10-04 19:02:14,121 PermissionBase 26184 24780 [PERM_CHECK] User admin passed base permission check for /accounts/roles/
INFO 2025-10-04 19:02:14,121 PermissionBase 26184 24780 [PERM_CHECK] User admin is superuser → full queryset access.
INFO 2025-10-04 19:02:14,158 basehttp 26184 24780 "GET /accounts/roles/ HTTP/1.1" 200 48244
INFO 2025-10-04 19:02:14,200 basehttp 26184 24780 "GET /settings/css/dynamic.css HTTP/1.1" 200 5524
WARNING 2025-10-04 19:02:14,205 basehttp 26184 23464 "GET /static/admin/css/ HTTP/1.1" 404 1982
INFO 2025-10-04 19:02:18,468 PermissionBase 26184 24780 [PERM_CHECK] User admin is superuser → full access granted.
INFO 2025-10-04 19:02:18,469 PermissionBase 26184 24780 [PERM_CHECK] User admin passed base permission check for /accounts/roles/2/edit/
INFO 2025-10-04 19:02:18,470 PermissionBase 26184 24780 [PERM_CHECK] User admin is superuser → full queryset access.
INFO 2025-10-04 19:02:18,676 basehttp 26184 24780 "GET /accounts/roles/2/edit/ HTTP/1.1" 200 250067
INFO 2025-10-04 19:02:18,749 basehttp 26184 24780 "GET /settings/css/dynamic.css HTTP/1.1" 200 5524
WARNING 2025-10-04 19:02:18,757 basehttp 26184 24844 "GET /static/admin/css/ HTTP/1.1" 404 1982
INFO 2025-10-04 19:02:42,159 PermissionBase 26184 24780 [PERM_CHECK] User admin is superuser → full access granted.
INFO 2025-10-04 19:02:42,160 PermissionBase 26184 24780 [PERM_CHECK] User admin passed base permission check for /accounts/roles/2/edit/
INFO 2025-10-04 19:02:42,160 PermissionBase 26184 24780 [PERM_CHECK] User admin is superuser → full queryset access.
INFO 2025-10-04 19:02:42,206 basehttp 26184 24780 "GET /accounts/roles/2/edit/ HTTP/1.1" 200 250067
INFO 2025-10-04 19:02:42,272 basehttp 26184 22200 "GET /settings/css/dynamic.css HTTP/1.1" 200 5524
INFO 2025-10-04 19:02:42,481 basehttp 26184 952 "GET /static/css/fa-path.css HTTP/1.1" 200 137
WARNING 2025-10-04 19:02:42,485 basehttp 26184 952 "GET /static/admin/css/ HTTP/1.1" 404 1982
INFO 2025-10-04 19:02:42,491 basehttp 26184 14704 "GET /static/images/logo.svg HTTP/1.1" 200 512
INFO 2025-10-04 19:02:42,502 basehttp 26184 14704 "GET /static/images/flags/us.svg HTTP/1.1" 200 297
INFO 2025-10-04 19:02:42,508 basehttp 26184 14704 "GET /static/images/flags/ir.svg HTTP/1.1" 200 213
INFO 2025-10-04 19:02:42,510 basehttp 26184 24780 "GET /static/css/fonts.css HTTP/1.1" 200 814
INFO 2025-10-04 19:02:42,516 basehttp 26184 24780 "GET /static/images/flags/sa.svg HTTP/1.1" 200 120
INFO 2025-10-04 19:02:42,520 basehttp 26184 14704 "GET /static/vendor/jquery/jquery-3.7.1.min.js HTTP/1.1" 200 87533
INFO 2025-10-04 19:02:42,525 basehttp 26184 18496 "GET /static/css/dynamic-theme.css HTTP/1.1" 200 14999
INFO 2025-10-04 19:02:42,527 basehttp 26184 22200 "GET /static/css/main.css HTTP/1.1" 200 6478
INFO 2025-10-04 19:02:42,527 basehttp 26184 26328 "GET /static/vendor/bootstrap/bootstrap.min.css HTTP/1.1" 200 232803
INFO 2025-10-04 19:02:42,528 basehttp 26184 14704 "GET /static/vendor/bootstrap/bootstrap.bundle.min.js HTTP/1.1" 200 80721
INFO 2025-10-04 19:02:42,528 basehttp 26184 7508 "GET /static/css/all.min.css HTTP/1.1" 200 83981
INFO 2025-10-04 19:02:42,537 basehttp 26184 7508 "GET /static/js/main.js HTTP/1.1" 200 15365
INFO 2025-10-04 19:02:42,542 basehttp 26184 7508 "GET /static/images/flags/tr.svg HTTP/1.1" 200 120
INFO 2025-10-04 19:02:43,680 basehttp 26184 7508 "GET /static/css/all.min.css HTTP/1.1" 200 83981
INFO 2025-10-04 19:02:43,749 basehttp 26184 7508 "GET /media/fonts/Parastoo.woff2 HTTP/1.1" 200 44984
INFO 2025-10-04 19:02:43,752 basehttp 26184 22200 "GET /static/webfonts/fa-solid-900.woff2 HTTP/1.1" 200 150020
INFO 2025-10-04 19:02:43,860 basehttp 26184 22200 "GET /static/images/logo.svg HTTP/1.1" 200 512
INFO 2025-10-04 19:02:50,504 PermissionBase 26184 22200 [PERM_CHECK] User admin is superuser → full access granted.
INFO 2025-10-04 19:02:50,505 PermissionBase 26184 22200 [PERM_CHECK] User admin passed base permission check for /accounts/roles/2/edit/
INFO 2025-10-04 19:02:50,505 PermissionBase 26184 22200 [PERM_CHECK] User admin is superuser → full queryset access.
INFO 2025-10-04 19:02:50,601 basehttp 26184 22200 "POST /accounts/roles/2/edit/ HTTP/1.1" 302 0
INFO 2025-10-04 19:02:50,629 PermissionBase 26184 22200 [PERM_CHECK] User admin is superuser → full access granted.
INFO 2025-10-04 19:02:50,630 PermissionBase 26184 22200 [PERM_CHECK] User admin passed base permission check for /accounts/roles/
INFO 2025-10-04 19:02:50,631 PermissionBase 26184 22200 [PERM_CHECK] User admin is superuser → full queryset access.
INFO 2025-10-04 19:02:50,692 basehttp 26184 22200 "GET /accounts/roles/ HTTP/1.1" 200 48244
INFO 2025-10-04 19:02:50,823 basehttp 26184 22200 "GET /settings/css/dynamic.css HTTP/1.1" 200 5524
WARNING 2025-10-04 19:02:50,829 basehttp 26184 7508 "GET /static/admin/css/ HTTP/1.1" 404 1955
INFO 2025-10-04 19:03:20,298 PermissionBase 26184 22200 [PERM_CHECK] User admin is superuser → full access granted.
INFO 2025-10-04 19:03:20,299 PermissionBase 26184 22200 [PERM_CHECK] User admin passed base permission check for /accounts/roles/2/edit/
INFO 2025-10-04 19:03:20,300 PermissionBase 26184 22200 [PERM_CHECK] User admin is superuser → full queryset access.
INFO 2025-10-04 19:03:20,487 basehttp 26184 22200 "GET /accounts/roles/2/edit/ HTTP/1.1" 200 250067
INFO 2025-10-04 19:03:20,558 basehttp 26184 22200 "GET /settings/css/dynamic.css HTTP/1.1" 200 5524
WARNING 2025-10-04 19:03:20,565 basehttp 26184 26328 "GET /static/admin/css/ HTTP/1.1" 404 1982
